<?xml version="1.0" encoding="UTF-8"?>
<testsuite name="com.algonquincollege.cst8277.models.PlatformUserRoleTestSuite" time="0.27" tests="13" errors="0" skipped="0" failures="0">
  <properties>
[...]
</properties>
  <testcase name="A_test_empty_tables_at_start" classname="com.algonquincollege.cst8277.models.PlatformUserRoleTestSuite" time="0.062"/>
  <testcase name="B_create_PlatformUser_sucesss_without_a_PlatformRole" classname="com.algonquincollege.cst8277.models.PlatformUserRoleTestSuite" time="0.019"/>
  <testcase name="C_create_PlatformUser_sucesss_with_a_PlatformRole" classname="com.algonquincollege.cst8277.models.PlatformUserRoleTestSuite" time="0.029"/>
  <testcase name="D_create_PlatformUser_success_with_multiple_PlatformRoles" classname="com.algonquincollege.cst8277.models.PlatformUserRoleTestSuite" time="0.021"/>
  <testcase name="E_create_PlatformRole_sucesss_without_a_PlatformUser" classname="com.algonquincollege.cst8277.models.PlatformUserRoleTestSuite" time="0.008"/>
  <testcase name="F_create_PlatformRole_sucesss_with_a_PlatformUser" classname="com.algonquincollege.cst8277.models.PlatformUserRoleTestSuite" time="0.01"/>
  <testcase name="G_create_PlatformRole_sucesss_with_multiple_PlatformUsers" classname="com.algonquincollege.cst8277.models.PlatformUserRoleTestSuite" time="0.017"/>
  <testcase name="H_update_PlatformUser_sucesss_scenario_a_PlatformUser_gets_new_PlatformRole" classname="com.algonquincollege.cst8277.models.PlatformUserRoleTestSuite" time="0.015"/>
  <testcase name="I_update_PlatformRole_sucesss_scenario_a_PlatformRole_ties_to_new_PlatformUser" classname="com.algonquincollege.cst8277.models.PlatformUserRoleTestSuite" time="0.023"/>
  <testcase name="J_delete_PlatformUser_sucesss_scenario_PlatformRole_is_without_any_PlatformUser" classname="com.algonquincollege.cst8277.models.PlatformUserRoleTestSuite" time="0.014"/>
  <testcase name="K_delete_PlatformRole_success_scenario_PlatformRole_removed" classname="com.algonquincollege.cst8277.models.PlatformUserRoleTestSuite" time="0.019"/>
  <testcase name="L_read_PlatformRole_sucesss_scenario_count_of_PlatformRoles_for_a_PlatformUser" classname="com.algonquincollege.cst8277.models.PlatformUserRoleTestSuite" time="0.015"/>
  <testcase name="M_read_PlatformUser_sucesss_scenario_count_of_PlatformUsers_for_a_PlatformRole" classname="com.algonquincollege.cst8277.models.PlatformUserRoleTestSuite" time="0.018"/>
</testsuite>