<?xml version="1.0" encoding="UTF-8"?>
<testsuite name="com.algonquincollege.cst8277.models.CartLineItemTestSuite" time="0.218" tests="10" errors="0" skipped="0" failures="0">
  <properties>
[...]
</properties>
  <testcase name="A_test_empty_tables_at_start" classname="com.algonquincollege.cst8277.models.CartLineItemTestSuite" time="0.061"/>
  <testcase name="B_test_create_Cart_success_when_LineItem_table_is_empty" classname="com.algonquincollege.cst8277.models.CartLineItemTestSuite" time="0.019"/>
  <testcase name="C_test_create_Cart_success_without_a_LineItem_number" classname="com.algonquincollege.cst8277.models.CartLineItemTestSuite" time="0.023"/>
  <testcase name="D_test_create_LineItem_success_for_an_Cart" classname="com.algonquincollege.cst8277.models.CartLineItemTestSuite" time="0.011"/>
  <testcase name="E_test_create_LineItem_failure_for_referential_integrity" classname="com.algonquincollege.cst8277.models.CartLineItemTestSuite" time="0.012"/>
  <testcase name="F_test_delete_LineItem_success_without_deleting_Cart" classname="com.algonquincollege.cst8277.models.CartLineItemTestSuite" time="0.013"/>
  <testcase name="G_test_delete_Cart_success_after_deleting_LineItem" classname="com.algonquincollege.cst8277.models.CartLineItemTestSuite" time="0.015"/>
  <testcase name="H_test_delete_Cart_failure_due_to_referential_integrity" classname="com.algonquincollege.cst8277.models.CartLineItemTestSuite" time="0.022"/>
  <testcase name="J_test_update_LineItem_success_a_LineItem_transfer_scenario" classname="com.algonquincollege.cst8277.models.CartLineItemTestSuite" time="0.026"/>
  <testcase name="K_test_update_LineItem_failure_using_non_existing_Cart" classname="com.algonquincollege.cst8277.models.CartLineItemTestSuite" time="0.016"/>
</testsuite>